2018-11-13 19:59:40,564 ERROR 47824 [-/::1/-/7ms GET /news] nodejs.AssertionError [ERR_ASSERTION]: Can't find new/list.tpl from /Users/wumingwei/workspace/我的个人博客/egg-blog/app/view
    at Map.resolve (/Users/wumingwei/workspace/我的个人博客/egg-blog/node_modules/_egg-view@2.1.0@egg-view/lib/view_manager.js:74:5)
    at <anonymous>
generatedMessage: false
name: "AssertionError [ERR_ASSERTION]"
code: "ERR_ASSERTION"
actual: undefined
expected: true
operator: "=="
pid: 47824
hostname: Vincent.local

2018-11-13 20:00:28,114 ERROR 47835 [-/::1/-/13ms GET /news] nodejs.AssertionError [ERR_ASSERTION]: Can't find ViewEngine "nunnjucks"
    at ContextView.[contextView#getViewEngine] (/Users/wumingwei/workspace/我的个人博客/egg-blog/node_modules/_egg-view@2.1.0@egg-view/lib/context_view.js:88:5)
    at ContextView.[contextView#render] (/Users/wumingwei/workspace/我的个人博客/egg-blog/node_modules/_egg-view@2.1.0@egg-view/lib/context_view.js:69:39)
    at <anonymous>
generatedMessage: false
name: "AssertionError [ERR_ASSERTION]"
code: "ERR_ASSERTION"
actual: undefined
expected: true
operator: "=="
pid: 47835
hostname: Vincent.local

2018-11-13 20:00:31,133 ERROR 47835 [-/::1/-/1ms GET /news] nodejs.AssertionError [ERR_ASSERTION]: Can't find ViewEngine "nunnjucks"
    at ContextView.[contextView#getViewEngine] (/Users/wumingwei/workspace/我的个人博客/egg-blog/node_modules/_egg-view@2.1.0@egg-view/lib/context_view.js:88:5)
    at ContextView.[contextView#render] (/Users/wumingwei/workspace/我的个人博客/egg-blog/node_modules/_egg-view@2.1.0@egg-view/lib/context_view.js:69:39)
    at <anonymous>
generatedMessage: false
name: "AssertionError [ERR_ASSERTION]"
code: "ERR_ASSERTION"
actual: undefined
expected: true
operator: "=="
pid: 47835
hostname: Vincent.local

2018-11-13 20:00:43,070 ERROR 47855 [-/::1/-/57ms GET /news] nodejs.AssertionError [ERR_ASSERTION]: Can't find ViewEngine "nunnjucks"
    at ContextView.[contextView#getViewEngine] (/Users/wumingwei/workspace/我的个人博客/egg-blog/node_modules/_egg-view@2.1.0@egg-view/lib/context_view.js:88:5)
    at ContextView.[contextView#render] (/Users/wumingwei/workspace/我的个人博客/egg-blog/node_modules/_egg-view@2.1.0@egg-view/lib/context_view.js:69:39)
    at <anonymous>
generatedMessage: false
name: "AssertionError [ERR_ASSERTION]"
code: "ERR_ASSERTION"
actual: undefined
expected: true
operator: "=="
pid: 47855
hostname: Vincent.local

